[error] Failed to fetch Firebase Project from Studio Workspace because WORKSPACE_SLUG environment variable is empty
[error] Failed to fetch Firebase Project from Studio Workspace because WORKSPACE_SLUG environment variable is empty
[debug] [2025-10-15T19:26:45.507Z] Checked if tokens are valid: false, expires at: 1760477604303
[debug] [2025-10-15T19:26:45.507Z] Checked if tokens are valid: false, expires at: 1760477604303
[debug] [2025-10-15T19:26:45.508Z] > refreshing access token with scopes: []
[debug] [2025-10-15T19:26:45.511Z] >>> [apiv2][query] POST https://www.googleapis.com/oauth2/v3/token [none]
[debug] [2025-10-15T19:26:45.512Z] >>> [apiv2][body] POST https://www.googleapis.com/oauth2/v3/token [omitted]
[debug] [2025-10-15T19:26:45.579Z] Checked if tokens are valid: false, expires at: 1760477604303
[debug] [2025-10-15T19:26:45.579Z] Checked if tokens are valid: false, expires at: 1760477604303
[debug] [2025-10-15T19:26:45.579Z] > refreshing access token with scopes: []
[debug] [2025-10-15T19:26:45.580Z] >>> [apiv2][query] POST https://www.googleapis.com/oauth2/v3/token [none]
[debug] [2025-10-15T19:26:45.580Z] >>> [apiv2][body] POST https://www.googleapis.com/oauth2/v3/token [omitted]
[debug] [2025-10-15T19:26:45.584Z] Checked if tokens are valid: false, expires at: 1760477604303
[debug] [2025-10-15T19:26:45.585Z] Checked if tokens are valid: false, expires at: 1760477604303
[debug] [2025-10-15T19:26:45.585Z] > refreshing access token with scopes: []
[debug] [2025-10-15T19:26:45.586Z] >>> [apiv2][query] POST https://www.googleapis.com/oauth2/v3/token [none]
[debug] [2025-10-15T19:26:45.586Z] >>> [apiv2][body] POST https://www.googleapis.com/oauth2/v3/token [omitted]
[debug] [2025-10-15T19:26:45.589Z] Checked if tokens are valid: false, expires at: 1760477604303
[debug] [2025-10-15T19:26:45.589Z] Checked if tokens are valid: false, expires at: 1760477604303
[debug] [2025-10-15T19:26:45.589Z] > refreshing access token with scopes: []
[debug] [2025-10-15T19:26:45.590Z] >>> [apiv2][query] POST https://www.googleapis.com/oauth2/v3/token [none]
[debug] [2025-10-15T19:26:45.590Z] >>> [apiv2][body] POST https://www.googleapis.com/oauth2/v3/token [omitted]
[debug] [2025-10-15T19:26:45.592Z] Checked if tokens are valid: false, expires at: 1760477604303
[debug] [2025-10-15T19:26:45.592Z] Checked if tokens are valid: false, expires at: 1760477604303
[debug] [2025-10-15T19:26:45.592Z] > refreshing access token with scopes: []
[debug] [2025-10-15T19:26:45.593Z] >>> [apiv2][query] POST https://www.googleapis.com/oauth2/v3/token [none]
[debug] [2025-10-15T19:26:45.593Z] >>> [apiv2][body] POST https://www.googleapis.com/oauth2/v3/token [omitted]
[error] Failed to fetch Firebase Project from Studio Workspace because WORKSPACE_SLUG environment variable is empty
[error] Failed to fetch Firebase Project from Studio Workspace because WORKSPACE_SLUG environment variable is empty
[debug] [2025-10-15T19:26:45.663Z] Checked if tokens are valid: false, expires at: 1760477604303
[debug] [2025-10-15T19:26:45.663Z] Checked if tokens are valid: false, expires at: 1760477604303
[debug] [2025-10-15T19:26:45.663Z] > refreshing access token with scopes: []
[debug] [2025-10-15T19:26:45.664Z] >>> [apiv2][query] POST https://www.googleapis.com/oauth2/v3/token [none]
[debug] [2025-10-15T19:26:45.664Z] >>> [apiv2][body] POST https://www.googleapis.com/oauth2/v3/token [omitted]
[debug] [2025-10-15T19:26:45.668Z] Checked if tokens are valid: false, expires at: 1760477604303
[debug] [2025-10-15T19:26:45.668Z] Checked if tokens are valid: false, expires at: 1760477604303
[debug] [2025-10-15T19:26:45.668Z] > refreshing access token with scopes: []
[debug] [2025-10-15T19:26:45.669Z] >>> [apiv2][query] POST https://www.googleapis.com/oauth2/v3/token [none]
[debug] [2025-10-15T19:26:45.669Z] >>> [apiv2][body] POST https://www.googleapis.com/oauth2/v3/token [omitted]
[debug] [2025-10-15T19:26:45.672Z] Checked if tokens are valid: false, expires at: 1760477604303
[debug] [2025-10-15T19:26:45.672Z] Checked if tokens are valid: false, expires at: 1760477604303
[debug] [2025-10-15T19:26:45.672Z] > refreshing access token with scopes: []
[debug] [2025-10-15T19:26:45.673Z] >>> [apiv2][query] POST https://www.googleapis.com/oauth2/v3/token [none]
[debug] [2025-10-15T19:26:45.673Z] >>> [apiv2][body] POST https://www.googleapis.com/oauth2/v3/token [omitted]
[debug] [2025-10-15T19:26:45.675Z] Checked if tokens are valid: false, expires at: 1760477604303
[debug] [2025-10-15T19:26:45.676Z] Checked if tokens are valid: false, expires at: 1760477604303
[debug] [2025-10-15T19:26:45.676Z] > refreshing access token with scopes: []
[debug] [2025-10-15T19:26:45.676Z] >>> [apiv2][query] POST https://www.googleapis.com/oauth2/v3/token [none]
[debug] [2025-10-15T19:26:45.676Z] >>> [apiv2][body] POST https://www.googleapis.com/oauth2/v3/token [omitted]
[debug] [2025-10-15T19:26:45.679Z] Checked if tokens are valid: false, expires at: 1760477604303
[debug] [2025-10-15T19:26:45.680Z] Checked if tokens are valid: false, expires at: 1760477604303
[debug] [2025-10-15T19:26:45.680Z] > refreshing access token with scopes: []
[debug] [2025-10-15T19:26:45.680Z] >>> [apiv2][query] POST https://www.googleapis.com/oauth2/v3/token [none]
[debug] [2025-10-15T19:26:45.680Z] >>> [apiv2][body] POST https://www.googleapis.com/oauth2/v3/token [omitted]
[debug] [2025-10-15T19:26:45.740Z] <<< [apiv2][status] POST https://www.googleapis.com/oauth2/v3/token 200
[debug] [2025-10-15T19:26:45.740Z] <<< [apiv2][body] POST https://www.googleapis.com/oauth2/v3/token [omitted]
[debug] [2025-10-15T19:26:45.779Z] >>> [apiv2][query] GET https://serviceusage.googleapis.com/v1/projects/gaupro-2068e/services/firebaseapphosting.googleapis.com [none]
[debug] [2025-10-15T19:26:45.780Z] >>> [apiv2][(partial)header] GET https://serviceusage.googleapis.com/v1/projects/gaupro-2068e/services/firebaseapphosting.googleapis.com x-goog-quota-user=projects/gaupro-2068e
[debug] [2025-10-15T19:26:45.820Z] <<< [apiv2][status] POST https://www.googleapis.com/oauth2/v3/token 200
[debug] [2025-10-15T19:26:45.820Z] <<< [apiv2][body] POST https://www.googleapis.com/oauth2/v3/token [omitted]
[debug] [2025-10-15T19:26:45.838Z] >>> [apiv2][query] GET https://serviceusage.googleapis.com/v1/projects/gaupro-2068e/services/firebasedataconnect.googleapis.com [none]
[debug] [2025-10-15T19:26:45.838Z] >>> [apiv2][(partial)header] GET https://serviceusage.googleapis.com/v1/projects/gaupro-2068e/services/firebasedataconnect.googleapis.com x-goog-quota-user=projects/gaupro-2068e
[debug] [2025-10-15T19:26:45.860Z] <<< [apiv2][status] POST https://www.googleapis.com/oauth2/v3/token 200
[debug] [2025-10-15T19:26:45.860Z] <<< [apiv2][body] POST https://www.googleapis.com/oauth2/v3/token [omitted]
[debug] [2025-10-15T19:26:45.881Z] >>> [apiv2][query] GET https://serviceusage.googleapis.com/v1/projects/gaupro-2068e/services/firebaseio.com [none]
[debug] [2025-10-15T19:26:45.881Z] >>> [apiv2][(partial)header] GET https://serviceusage.googleapis.com/v1/projects/gaupro-2068e/services/firebaseio.com x-goog-quota-user=projects/gaupro-2068e
[debug] [2025-10-15T19:26:45.897Z] <<< [apiv2][status] POST https://www.googleapis.com/oauth2/v3/token 200
[debug] [2025-10-15T19:26:45.897Z] <<< [apiv2][body] POST https://www.googleapis.com/oauth2/v3/token [omitted]
[debug] [2025-10-15T19:26:45.913Z] >>> [apiv2][query] GET https://serviceusage.googleapis.com/v1/projects/gaupro-2068e/services/firebasecrashlytics.googleapis.com [none]
[debug] [2025-10-15T19:26:45.914Z] >>> [apiv2][(partial)header] GET https://serviceusage.googleapis.com/v1/projects/gaupro-2068e/services/firebasecrashlytics.googleapis.com x-goog-quota-user=projects/gaupro-2068e
[debug] [2025-10-15T19:26:45.924Z] <<< [apiv2][status] POST https://www.googleapis.com/oauth2/v3/token 200
[debug] [2025-10-15T19:26:45.925Z] <<< [apiv2][body] POST https://www.googleapis.com/oauth2/v3/token [omitted]
[debug] [2025-10-15T19:26:45.944Z] >>> [apiv2][query] GET https://serviceusage.googleapis.com/v1/projects/gaupro-2068e/services/firebaseapphosting.googleapis.com [none]
[debug] [2025-10-15T19:26:45.944Z] >>> [apiv2][(partial)header] GET https://serviceusage.googleapis.com/v1/projects/gaupro-2068e/services/firebaseapphosting.googleapis.com x-goog-quota-user=projects/gaupro-2068e
[debug] [2025-10-15T19:26:46.027Z] <<< [apiv2][status] POST https://www.googleapis.com/oauth2/v3/token 200
[debug] [2025-10-15T19:26:46.029Z] <<< [apiv2][body] POST https://www.googleapis.com/oauth2/v3/token [omitted]
[debug] [2025-10-15T19:26:46.076Z] >>> [apiv2][query] GET https://serviceusage.googleapis.com/v1/projects/gaupro-2068e/services/ [none]
[debug] [2025-10-15T19:26:46.077Z] >>> [apiv2][(partial)header] GET https://serviceusage.googleapis.com/v1/projects/gaupro-2068e/services/ x-goog-quota-user=projects/gaupro-2068e
[debug] [2025-10-15T19:26:46.214Z] <<< [apiv2][status] POST https://www.googleapis.com/oauth2/v3/token 200
[debug] [2025-10-15T19:26:46.216Z] <<< [apiv2][body] POST https://www.googleapis.com/oauth2/v3/token [omitted]
[debug] [2025-10-15T19:26:46.234Z] >>> [apiv2][query] GET https://serviceusage.googleapis.com/v1/projects/gaupro-2068e/services/firebasecrashlytics.googleapis.com [none]
[debug] [2025-10-15T19:26:46.234Z] >>> [apiv2][(partial)header] GET https://serviceusage.googleapis.com/v1/projects/gaupro-2068e/services/firebasecrashlytics.googleapis.com x-goog-quota-user=projects/gaupro-2068e
[debug] [2025-10-15T19:26:46.248Z] <<< [apiv2][status] POST https://www.googleapis.com/oauth2/v3/token 200
[debug] [2025-10-15T19:26:46.248Z] <<< [apiv2][body] POST https://www.googleapis.com/oauth2/v3/token [omitted]
[debug] [2025-10-15T19:26:46.264Z] >>> [apiv2][query] GET https://serviceusage.googleapis.com/v1/projects/gaupro-2068e/services/firebaseio.com [none]
[debug] [2025-10-15T19:26:46.264Z] >>> [apiv2][(partial)header] GET https://serviceusage.googleapis.com/v1/projects/gaupro-2068e/services/firebaseio.com x-goog-quota-user=projects/gaupro-2068e
[debug] [2025-10-15T19:26:46.270Z] <<< [apiv2][status] POST https://www.googleapis.com/oauth2/v3/token 200
[debug] [2025-10-15T19:26:46.271Z] <<< [apiv2][body] POST https://www.googleapis.com/oauth2/v3/token [omitted]
[debug] [2025-10-15T19:26:46.281Z] >>> [apiv2][query] GET https://serviceusage.googleapis.com/v1/projects/gaupro-2068e/services/ [none]
[debug] [2025-10-15T19:26:46.281Z] >>> [apiv2][(partial)header] GET https://serviceusage.googleapis.com/v1/projects/gaupro-2068e/services/ x-goog-quota-user=projects/gaupro-2068e
[debug] [2025-10-15T19:26:46.285Z] <<< [apiv2][status] POST https://www.googleapis.com/oauth2/v3/token 200
[debug] [2025-10-15T19:26:46.286Z] <<< [apiv2][body] POST https://www.googleapis.com/oauth2/v3/token [omitted]
[debug] [2025-10-15T19:26:46.298Z] >>> [apiv2][query] GET https://serviceusage.googleapis.com/v1/projects/gaupro-2068e/services/firebasedataconnect.googleapis.com [none]
[debug] [2025-10-15T19:26:46.298Z] >>> [apiv2][(partial)header] GET https://serviceusage.googleapis.com/v1/projects/gaupro-2068e/services/firebasedataconnect.googleapis.com x-goog-quota-user=projects/gaupro-2068e
[debug] [2025-10-15T19:26:46.614Z] <<< [apiv2][status] GET https://serviceusage.googleapis.com/v1/projects/gaupro-2068e/services/firebaseapphosting.googleapis.com 200
[debug] [2025-10-15T19:26:46.615Z] <<< [apiv2][body] GET https://serviceusage.googleapis.com/v1/projects/gaupro-2068e/services/firebaseapphosting.googleapis.com [omitted]
[debug] [2025-10-15T19:26:46.627Z] <<< [apiv2][status] GET https://serviceusage.googleapis.com/v1/projects/gaupro-2068e/services/firebasedataconnect.googleapis.com 200
[debug] [2025-10-15T19:26:46.628Z] <<< [apiv2][body] GET https://serviceusage.googleapis.com/v1/projects/gaupro-2068e/services/firebasedataconnect.googleapis.com [omitted]
[debug] [2025-10-15T19:26:46.637Z] <<< [apiv2][status] GET https://serviceusage.googleapis.com/v1/projects/gaupro-2068e/services/firebaseio.com 403
[debug] [2025-10-15T19:26:46.637Z] <<< [apiv2][body] GET https://serviceusage.googleapis.com/v1/projects/gaupro-2068e/services/firebaseio.com [omitted]
[debug] [2025-10-15T19:26:46.844Z] <<< [apiv2][status] GET https://serviceusage.googleapis.com/v1/projects/gaupro-2068e/services/firebasecrashlytics.googleapis.com 200
[debug] [2025-10-15T19:26:46.845Z] <<< [apiv2][body] GET https://serviceusage.googleapis.com/v1/projects/gaupro-2068e/services/firebasecrashlytics.googleapis.com [omitted]
[debug] [2025-10-15T19:26:46.879Z] <<< [apiv2][status] GET https://serviceusage.googleapis.com/v1/projects/gaupro-2068e/services/firebaseapphosting.googleapis.com 200
[debug] [2025-10-15T19:26:46.879Z] <<< [apiv2][body] GET https://serviceusage.googleapis.com/v1/projects/gaupro-2068e/services/firebaseapphosting.googleapis.com [omitted]
[debug] [2025-10-15T19:26:46.917Z] <<< [apiv2][status] GET https://serviceusage.googleapis.com/v1/projects/gaupro-2068e/services/firebaseio.com 403
[debug] [2025-10-15T19:26:46.917Z] <<< [apiv2][body] GET https://serviceusage.googleapis.com/v1/projects/gaupro-2068e/services/firebaseio.com [omitted]
[debug] [2025-10-15T19:26:47.043Z] <<< [apiv2][status] GET https://serviceusage.googleapis.com/v1/projects/gaupro-2068e/services/firebasecrashlytics.googleapis.com 200
[debug] [2025-10-15T19:26:47.044Z] <<< [apiv2][body] GET https://serviceusage.googleapis.com/v1/projects/gaupro-2068e/services/firebasecrashlytics.googleapis.com [omitted]
[debug] [2025-10-15T19:26:47.055Z] <<< [apiv2][status] GET https://serviceusage.googleapis.com/v1/projects/gaupro-2068e/services/firebasedataconnect.googleapis.com 200
[debug] [2025-10-15T19:26:47.055Z] <<< [apiv2][body] GET https://serviceusage.googleapis.com/v1/projects/gaupro-2068e/services/firebasedataconnect.googleapis.com [omitted]
[debug] [2025-10-15T19:26:47.292Z] <<< [apiv2][status] GET https://serviceusage.googleapis.com/v1/projects/gaupro-2068e/services/ 200
[debug] [2025-10-15T19:26:47.292Z] <<< [apiv2][body] GET https://serviceusage.googleapis.com/v1/projects/gaupro-2068e/services/ [omitted]
[debug] [2025-10-15T19:26:47.372Z] <<< [apiv2][status] GET https://serviceusage.googleapis.com/v1/projects/gaupro-2068e/services/ 200
[debug] [2025-10-15T19:26:47.373Z] <<< [apiv2][body] GET https://serviceusage.googleapis.com/v1/projects/gaupro-2068e/services/ [omitted]
[error] Failed to fetch Firebase Project from Studio Workspace because WORKSPACE_SLUG environment variable is empty
[error] Failed to fetch Firebase Project from Studio Workspace because WORKSPACE_SLUG environment variable is empty
[debug] [2025-10-15T19:26:47.385Z] > command requires scopes: ["email","openid","https://www.googleapis.com/auth/cloudplatformprojects.readonly","https://www.googleapis.com/auth/firebase","https://www.googleapis.com/auth/cloud-platform","https://www.googleapis.com/auth/userinfo.email"]
[debug] [2025-10-15T19:26:47.386Z] > authorizing via signed-in user (ilocalfast@gmail.com)
[error] Failed to fetch Firebase Project from Studio Workspace because WORKSPACE_SLUG environment variable is empty
[error] Failed to fetch Firebase Project from Studio Workspace because WORKSPACE_SLUG environment variable is empty
[debug] [2025-10-15T19:34:18.493Z] Checked if tokens are valid: true, expires at: 1760560005286
[debug] [2025-10-15T19:34:18.498Z] Checked if tokens are valid: true, expires at: 1760560005286
[debug] [2025-10-15T19:34:18.501Z] Checked if tokens are valid: true, expires at: 1760560005286
[debug] [2025-10-15T19:34:18.502Z] Checked if tokens are valid: true, expires at: 1760560005286
[debug] [2025-10-15T19:34:18.505Z] Checked if tokens are valid: true, expires at: 1760560005286
[debug] [2025-10-15T19:34:18.506Z] Checked if tokens are valid: true, expires at: 1760560005286
[debug] [2025-10-15T19:34:18.510Z] Checked if tokens are valid: true, expires at: 1760560005286
[debug] [2025-10-15T19:34:18.511Z] Checked if tokens are valid: true, expires at: 1760560005286
[debug] [2025-10-15T19:34:18.525Z] Checked if tokens are valid: true, expires at: 1760560005286
[debug] [2025-10-15T19:34:18.525Z] Checked if tokens are valid: true, expires at: 1760560005286
[debug] [2025-10-15T19:34:18.539Z] >>> [apiv2][query] GET https://serviceusage.googleapis.com/v1/projects/gaupro-2068e/services/ [none]
[debug] [2025-10-15T19:34:18.539Z] >>> [apiv2][(partial)header] GET https://serviceusage.googleapis.com/v1/projects/gaupro-2068e/services/ x-goog-quota-user=projects/gaupro-2068e
[debug] [2025-10-15T19:34:18.919Z] >>> [apiv2][query] GET https://serviceusage.googleapis.com/v1/projects/gaupro-2068e/services/firebasedataconnect.googleapis.com [none]
[debug] [2025-10-15T19:34:18.919Z] >>> [apiv2][(partial)header] GET https://serviceusage.googleapis.com/v1/projects/gaupro-2068e/services/firebasedataconnect.googleapis.com x-goog-quota-user=projects/gaupro-2068e
[debug] [2025-10-15T19:34:18.927Z] >>> [apiv2][query] GET https://serviceusage.googleapis.com/v1/projects/gaupro-2068e/services/firebasecrashlytics.googleapis.com [none]
[debug] [2025-10-15T19:34:18.927Z] >>> [apiv2][(partial)header] GET https://serviceusage.googleapis.com/v1/projects/gaupro-2068e/services/firebasecrashlytics.googleapis.com x-goog-quota-user=projects/gaupro-2068e
[debug] [2025-10-15T19:34:18.935Z] >>> [apiv2][query] GET https://serviceusage.googleapis.com/v1/projects/gaupro-2068e/services/firebaseapphosting.googleapis.com [none]
[debug] [2025-10-15T19:34:18.935Z] >>> [apiv2][(partial)header] GET https://serviceusage.googleapis.com/v1/projects/gaupro-2068e/services/firebaseapphosting.googleapis.com x-goog-quota-user=projects/gaupro-2068e
[debug] [2025-10-15T19:34:18.940Z] >>> [apiv2][query] GET https://serviceusage.googleapis.com/v1/projects/gaupro-2068e/services/firebaseio.com [none]
[debug] [2025-10-15T19:34:18.940Z] >>> [apiv2][(partial)header] GET https://serviceusage.googleapis.com/v1/projects/gaupro-2068e/services/firebaseio.com x-goog-quota-user=projects/gaupro-2068e
[error] Failed to fetch Firebase Project from Studio Workspace because WORKSPACE_SLUG environment variable is empty
[error] Failed to fetch Firebase Project from Studio Workspace because WORKSPACE_SLUG environment variable is empty
[debug] [2025-10-15T19:34:19.257Z] Checked if tokens are valid: true, expires at: 1760560005286
[debug] [2025-10-15T19:34:19.257Z] Checked if tokens are valid: true, expires at: 1760560005286
[debug] [2025-10-15T19:34:19.258Z] Checked if tokens are valid: true, expires at: 1760560005286
[debug] [2025-10-15T19:34:19.269Z] Checked if tokens are valid: true, expires at: 1760560005286
[debug] [2025-10-15T19:34:19.272Z] Checked if tokens are valid: true, expires at: 1760560005286
[debug] [2025-10-15T19:34:19.273Z] Checked if tokens are valid: true, expires at: 1760560005286
[debug] [2025-10-15T19:34:19.279Z] Checked if tokens are valid: true, expires at: 1760560005286
[debug] [2025-10-15T19:34:19.279Z] Checked if tokens are valid: true, expires at: 1760560005286
[debug] [2025-10-15T19:34:19.279Z] Checked if tokens are valid: true, expires at: 1760560005286
[debug] [2025-10-15T19:34:19.280Z] Checked if tokens are valid: true, expires at: 1760560005286
[debug] [2025-10-15T19:34:19.284Z] >>> [apiv2][query] GET https://serviceusage.googleapis.com/v1/projects/gaupro-2068e/services/ [none]
[debug] [2025-10-15T19:34:19.284Z] >>> [apiv2][(partial)header] GET https://serviceusage.googleapis.com/v1/projects/gaupro-2068e/services/ x-goog-quota-user=projects/gaupro-2068e
[debug] [2025-10-15T19:34:19.299Z] >>> [apiv2][query] GET https://serviceusage.googleapis.com/v1/projects/gaupro-2068e/services/firebasedataconnect.googleapis.com [none]
[debug] [2025-10-15T19:34:19.300Z] >>> [apiv2][(partial)header] GET https://serviceusage.googleapis.com/v1/projects/gaupro-2068e/services/firebasedataconnect.googleapis.com x-goog-quota-user=projects/gaupro-2068e
[debug] [2025-10-15T19:34:19.314Z] >>> [apiv2][query] GET https://serviceusage.googleapis.com/v1/projects/gaupro-2068e/services/firebasecrashlytics.googleapis.com [none]
[debug] [2025-10-15T19:34:19.319Z] >>> [apiv2][(partial)header] GET https://serviceusage.googleapis.com/v1/projects/gaupro-2068e/services/firebasecrashlytics.googleapis.com x-goog-quota-user=projects/gaupro-2068e
[debug] [2025-10-15T19:34:19.326Z] >>> [apiv2][query] GET https://serviceusage.googleapis.com/v1/projects/gaupro-2068e/services/firebaseapphosting.googleapis.com [none]
[debug] [2025-10-15T19:34:19.327Z] >>> [apiv2][(partial)header] GET https://serviceusage.googleapis.com/v1/projects/gaupro-2068e/services/firebaseapphosting.googleapis.com x-goog-quota-user=projects/gaupro-2068e
[debug] [2025-10-15T19:34:19.337Z] >>> [apiv2][query] GET https://serviceusage.googleapis.com/v1/projects/gaupro-2068e/services/firebaseio.com [none]
[debug] [2025-10-15T19:34:19.339Z] >>> [apiv2][(partial)header] GET https://serviceusage.googleapis.com/v1/projects/gaupro-2068e/services/firebaseio.com x-goog-quota-user=projects/gaupro-2068e
[debug] [2025-10-15T19:34:19.773Z] <<< [apiv2][status] GET https://serviceusage.googleapis.com/v1/projects/gaupro-2068e/services/firebaseio.com 403
[debug] [2025-10-15T19:34:19.773Z] <<< [apiv2][body] GET https://serviceusage.googleapis.com/v1/projects/gaupro-2068e/services/firebaseio.com [omitted]
[debug] [2025-10-15T19:34:19.812Z] <<< [apiv2][status] GET https://serviceusage.googleapis.com/v1/projects/gaupro-2068e/services/firebasedataconnect.googleapis.com 200
[debug] [2025-10-15T19:34:19.812Z] <<< [apiv2][body] GET https://serviceusage.googleapis.com/v1/projects/gaupro-2068e/services/firebasedataconnect.googleapis.com [omitted]
[debug] [2025-10-15T19:34:19.832Z] <<< [apiv2][status] GET https://serviceusage.googleapis.com/v1/projects/gaupro-2068e/services/firebaseapphosting.googleapis.com 200
[debug] [2025-10-15T19:34:19.832Z] <<< [apiv2][body] GET https://serviceusage.googleapis.com/v1/projects/gaupro-2068e/services/firebaseapphosting.googleapis.com [omitted]
[debug] [2025-10-15T19:34:19.840Z] <<< [apiv2][status] GET https://serviceusage.googleapis.com/v1/projects/gaupro-2068e/services/firebasecrashlytics.googleapis.com 200
[debug] [2025-10-15T19:34:19.841Z] <<< [apiv2][body] GET https://serviceusage.googleapis.com/v1/projects/gaupro-2068e/services/firebasecrashlytics.googleapis.com [omitted]
[debug] [2025-10-15T19:34:20.062Z] <<< [apiv2][status] GET https://serviceusage.googleapis.com/v1/projects/gaupro-2068e/services/ 200
[debug] [2025-10-15T19:34:20.062Z] <<< [apiv2][body] GET https://serviceusage.googleapis.com/v1/projects/gaupro-2068e/services/ [omitted]
[debug] [2025-10-15T19:34:20.098Z] <<< [apiv2][status] GET https://serviceusage.googleapis.com/v1/projects/gaupro-2068e/services/firebaseio.com 403
[debug] [2025-10-15T19:34:20.098Z] <<< [apiv2][body] GET https://serviceusage.googleapis.com/v1/projects/gaupro-2068e/services/firebaseio.com [omitted]
[debug] [2025-10-15T19:34:20.193Z] <<< [apiv2][status] GET https://serviceusage.googleapis.com/v1/projects/gaupro-2068e/services/firebaseapphosting.googleapis.com 200
[debug] [2025-10-15T19:34:20.193Z] <<< [apiv2][body] GET https://serviceusage.googleapis.com/v1/projects/gaupro-2068e/services/firebaseapphosting.googleapis.com [omitted]
[debug] [2025-10-15T19:34:20.236Z] <<< [apiv2][status] GET https://serviceusage.googleapis.com/v1/projects/gaupro-2068e/services/firebasecrashlytics.googleapis.com 200
[debug] [2025-10-15T19:34:20.237Z] <<< [apiv2][body] GET https://serviceusage.googleapis.com/v1/projects/gaupro-2068e/services/firebasecrashlytics.googleapis.com [omitted]
[debug] [2025-10-15T19:34:20.246Z] <<< [apiv2][status] GET https://serviceusage.googleapis.com/v1/projects/gaupro-2068e/services/firebasedataconnect.googleapis.com 200
[debug] [2025-10-15T19:34:20.246Z] <<< [apiv2][body] GET https://serviceusage.googleapis.com/v1/projects/gaupro-2068e/services/firebasedataconnect.googleapis.com [omitted]
[debug] [2025-10-15T19:34:20.428Z] <<< [apiv2][status] GET https://serviceusage.googleapis.com/v1/projects/gaupro-2068e/services/ 200
[debug] [2025-10-15T19:34:20.432Z] <<< [apiv2][body] GET https://serviceusage.googleapis.com/v1/projects/gaupro-2068e/services/ [omitted]
[error] Failed to fetch Firebase Project from Studio Workspace because WORKSPACE_SLUG environment variable is empty
[error] Failed to fetch Firebase Project from Studio Workspace because WORKSPACE_SLUG environment variable is empty
[debug] [2025-10-15T19:34:20.451Z] > command requires scopes: ["email","openid","https://www.googleapis.com/auth/cloudplatformprojects.readonly","https://www.googleapis.com/auth/firebase","https://www.googleapis.com/auth/cloud-platform","https://www.googleapis.com/auth/userinfo.email"]
[debug] [2025-10-15T19:34:20.453Z] > authorizing via signed-in user (ilocalfast@gmail.com)
[error] Failed to fetch Firebase Project from Studio Workspace because WORKSPACE_SLUG environment variable is empty
[error] Failed to fetch Firebase Project from Studio Workspace because WORKSPACE_SLUG environment variable is empty
[debug] [2025-10-15T19:34:20.534Z] > command requires scopes: ["email","openid","https://www.googleapis.com/auth/cloudplatformprojects.readonly","https://www.googleapis.com/auth/firebase","https://www.googleapis.com/auth/cloud-platform","https://www.googleapis.com/auth/userinfo.email"]
[debug] [2025-10-15T19:34:20.537Z] > authorizing via signed-in user (ilocalfast@gmail.com)
[error] Failed to fetch Firebase Project from Studio Workspace because WORKSPACE_SLUG environment variable is empty
[error] Failed to fetch Firebase Project from Studio Workspace because WORKSPACE_SLUG environment variable is empty
[debug] [2025-10-15T19:34:20.559Z] > command requires scopes: ["email","openid","https://www.googleapis.com/auth/cloudplatformprojects.readonly","https://www.googleapis.com/auth/firebase","https://www.googleapis.com/auth/cloud-platform","https://www.googleapis.com/auth/userinfo.email"]
[debug] [2025-10-15T19:34:20.559Z] > authorizing via signed-in user (ilocalfast@gmail.com)
